#
# There is insufficient memory for the Java Runtime Environment to continue.
# Native memory allocation (mmap) failed to map 65536 bytes for Failed to commit metaspace.
# Possible reasons:
#   The system is out of physical RAM or swap space
#   The process is running with CompressedOops enabled, and the Java Heap may be blocking the growth of the native heap
# Possible solutions:
#   Reduce memory load on the system
#   Increase physical memory or swap space
#   Check if swap backing store is full
#   Decrease Java heap size (-Xmx/-Xms)
#   Decrease number of Java threads
#   Decrease Java thread stack sizes (-Xss)
#   Set larger code cache with -XX:ReservedCodeCacheSize=
#   JVM is running with Unscaled Compressed Oops mode in which the Java heap is
#     placed in the first 4GB address space. The Java Heap base address is the
#     maximum limit for the native heap growth. Please use -XX:HeapBaseMinAddress
#     to set the Java Heap base and to place the Java Heap above 4GB virtual address.
# This output file may be truncated or incomplete.
#
#  Out of Memory Error (virtualSpaceNode.cpp:110), pid=8232, tid=10804
#
# JRE version: OpenJDK Runtime Environment Temurin-17.0.7+7 (17.0.7+7) (build 17.0.7+7)
# Java VM: OpenJDK 64-Bit Server VM Temurin-17.0.7+7 (17.0.7+7, mixed mode, tiered, compressed oops, compressed class ptrs, parallel gc, windows-amd64)
# No core dump will be written. Minidumps are not enabled by default on client versions of Windows
#

---------------  S U M M A R Y ------------

Command Line: --add-modules=ALL-SYSTEM --add-opens=java.base/java.util=ALL-UNNAMED --add-opens=java.base/java.lang=ALL-UNNAMED --add-opens=java.base/sun.nio.fs=ALL-UNNAMED -Declipse.application=org.eclipse.jdt.ls.core.id1 -Dosgi.bundles.defaultStartLevel=4 -Declipse.product=org.eclipse.jdt.ls.core.product -Djava.import.generatesMetadataFilesAtProjectRoot=false -Dfile.encoding=utf8 -XX:+UseParallelGC -XX:GCTimeRatio=4 -XX:AdaptiveSizePolicyWeight=90 -Dsun.zip.disableMemoryMapping=true -Xmx1G -Xms100m -Xlog:disable -javaagent:c:\Users\PALLADIN\.vscode\extensions\redhat.java-1.20.0-win32-x64\lombok\lombok-1.18.28.jar -XX:+HeapDumpOnOutOfMemoryError -XX:HeapDumpPath=c:\Users\PALLADIN\AppData\Roaming\Code\User\workspaceStorage\5a86af46a765defb9fd499ac0cd14f41\redhat.java -Daether.dependencyCollector.impl=bf c:\Users\PALLADIN\.vscode\extensions\redhat.java-1.20.0-win32-x64\server\plugins\org.eclipse.equinox.launcher_1.6.500.v20230622-2056.jar -configuration c:\Users\PALLADIN\AppData\Roaming\Code\User\globalStorage\redhat.java\1.20.0\config_win -data c:\Users\PALLADIN\AppData\Roaming\Code\User\workspaceStorage\5a86af46a765defb9fd499ac0cd14f41\redhat.java\jdt_ws

Host: Intel(R) Pentium(R) CPU  N3710  @ 1.60GHz, 4 cores, 7G,  Windows 10 , 64 bit Build 19041 (10.0.19041.2364)
Time: Sun Jul 23 14:29:11 2023  Windows 10 , 64 bit Build 19041 (10.0.19041.2364) elapsed time: 6.763328 seconds (0d 0h 0m 6s)

---------------  T H R E A D  ---------------

Current thread (0x000001add70cd5f0):  JavaThread "Start Level: Equinox Container: 3ed3f29b-5310-442e-9bcb-d005056c7550" daemon [_thread_in_vm, id=10804, stack(0x000000135ed00000,0x000000135ee00000)]

Stack: [0x000000135ed00000,0x000000135ee00000]
Native frames: (J=compiled Java code, j=interpreted, Vv=VM code, C=native code)
V  [jvm.dll+0x67754a]
V  [jvm.dll+0x834304]
V  [jvm.dll+0x835aae]
V  [jvm.dll+0x836113]
V  [jvm.dll+0x24696f]
V  [jvm.dll+0x83039b]
V  [jvm.dll+0x61c006]
V  [jvm.dll+0x1c169e]
V  [jvm.dll+0x61e961]
V  [jvm.dll+0x61c9a6]
V  [jvm.dll+0x23b391]
V  [jvm.dll+0x1eb530]
V  [jvm.dll+0x1eb9b5]
V  [jvm.dll+0x1ec3ef]
V  [jvm.dll+0x1e1891]
V  [jvm.dll+0x53ea50]
V  [jvm.dll+0x7afc28]
V  [jvm.dll+0x7afd14]
V  [jvm.dll+0x40de05]
V  [jvm.dll+0x413f58]
C  [java.dll+0x17ec]

Java frames: (J=compiled Java code, j=interpreted, Vv=VM code)
J 1058  java.lang.ClassLoader.defineClass1(Ljava/lang/ClassLoader;Ljava/lang/String;[BIILjava/security/ProtectionDomain;Ljava/lang/String;)Ljava/lang/Class; java.base@17.0.7 (0 bytes) @ 0x000001adc7a22d5b [0x000001adc7a22ca0+0x00000000000000bb]
J 1710 c1 java.lang.ClassLoader.defineClass(Ljava/lang/String;[BIILjava/security/ProtectionDomain;)Ljava/lang/Class; java.base@17.0.7 (43 bytes) @ 0x000001adc0207d54 [0x000001adc0207a00+0x0000000000000354]
j  org.eclipse.osgi.internal.loader.ModuleClassLoader.defineClass(Ljava/lang/String;[BLorg/eclipse/osgi/internal/loader/classpath/ClasspathEntry;)Lorg/eclipse/osgi/internal/loader/ModuleClassLoader$DefineClassResult;+42
j  org.eclipse.osgi.internal.loader.classpath.ClasspathManager.defineClass(Ljava/lang/String;[BLorg/eclipse/osgi/internal/loader/classpath/ClasspathEntry;Lorg/eclipse/osgi/storage/bundlefile/BundleEntry;Ljava/util/List;)Ljava/lang/Class;+424
j  org.eclipse.osgi.internal.loader.classpath.ClasspathManager.findClassImpl(Ljava/lang/String;Lorg/eclipse/osgi/internal/loader/classpath/ClasspathEntry;Ljava/util/List;)Ljava/lang/Class;+269
J 1748 c1 org.eclipse.osgi.internal.loader.classpath.ClasspathManager.findLocalClassImpl(Ljava/lang/String;[Lorg/eclipse/osgi/internal/loader/classpath/ClasspathEntry;Ljava/util/List;)Ljava/lang/Class; (55 bytes) @ 0x000001adc022844c [0x000001adc02282c0+0x000000000000018c]
j  org.eclipse.osgi.internal.loader.classpath.ClasspathManager.findLocalClassImpl(Ljava/lang/String;Ljava/util/List;)Ljava/lang/Class;+69
J 1742 c1 org.eclipse.osgi.internal.loader.classpath.ClasspathManager.findLocalClass(Ljava/lang/String;)Ljava/lang/Class; (210 bytes) @ 0x000001adc021efbc [0x000001adc021e320+0x0000000000000c9c]
J 1740 c1 org.eclipse.osgi.internal.loader.BundleLoader.findLocalClass(Ljava/lang/String;)Ljava/lang/Class; (152 bytes) @ 0x000001adc021c46c [0x000001adc021bc20+0x000000000000084c]
J 1676 c1 org.eclipse.osgi.internal.loader.BundleLoader.findClass0(Ljava/lang/String;ZZ)Ljava/lang/Class; (466 bytes) @ 0x000001adc01f6814 [0x000001adc01f4120+0x00000000000026f4]
J 1675 c1 org.eclipse.osgi.internal.loader.BundleLoader.findClass(Ljava/lang/String;)Ljava/lang/Class; (8 bytes) @ 0x000001adc01f381c [0x000001adc01f37a0+0x000000000000007c]
J 1677 c1 org.eclipse.osgi.internal.loader.ModuleClassLoader.loadClass(Ljava/lang/String;Z)Ljava/lang/Class; (36 bytes) @ 0x000001adc01f9cbc [0x000001adc01f9aa0+0x000000000000021c]
J 793 c1 java.lang.ClassLoader.loadClass(Ljava/lang/String;)Ljava/lang/Class; java.base@17.0.7 (7 bytes) @ 0x000001adc0037bbc [0x000001adc0037ac0+0x00000000000000fc]
v  ~StubRoutines::call_stub
j  org.eclipse.core.internal.preferences.PreferencesService.initializeDefaultScopes()V+95
j  org.eclipse.core.internal.preferences.PreferencesService.<init>()V+26
j  org.eclipse.core.internal.preferences.PreferencesService.getDefault()Lorg/eclipse/core/internal/preferences/PreferencesService;+10
j  org.eclipse.core.internal.preferences.Activator.start(Lorg/osgi/framework/BundleContext;)V+46
j  org.eclipse.osgi.internal.framework.BundleContextImpl$2.run()Ljava/lang/Void;+23
j  org.eclipse.osgi.internal.framework.BundleContextImpl$2.run()Ljava/lang/Object;+1
J 1191 c1 java.security.AccessController.executePrivileged(Ljava/security/PrivilegedExceptionAction;Ljava/security/AccessControlContext;Ljava/lang/Class;)Ljava/lang/Object; java.base@17.0.7 (65 bytes) @ 0x000001adc01031b4 [0x000001adc0103060+0x0000000000000154]
j  java.security.AccessController.doPrivileged(Ljava/security/PrivilegedExceptionAction;)Ljava/lang/Object;+9 java.base@17.0.7
j  org.eclipse.osgi.internal.framework.BundleContextImpl.startActivator(Lorg/osgi/framework/BundleActivator;)V+9
j  org.eclipse.osgi.internal.framework.BundleContextImpl.start()V+134
j  org.eclipse.osgi.internal.framework.EquinoxBundle.startWorker0()V+35
j  org.eclipse.osgi.internal.framework.EquinoxBundle$EquinoxModule.startWorker()V+4
j  org.eclipse.osgi.container.Module.doStart([Lorg/eclipse/osgi/container/Module$StartOptions;)Lorg/eclipse/osgi/container/ModuleContainerAdaptor$ModuleEvent;+190
j  org.eclipse.osgi.container.Module.start([Lorg/eclipse/osgi/container/Module$StartOptions;)V+460
j  org.eclipse.osgi.framework.util.SecureAction.start(Lorg/eclipse/osgi/container/Module;[Lorg/eclipse/osgi/container/Module$StartOptions;)V+8
j  org.eclipse.osgi.internal.hooks.EclipseLazyStarter.postFindLocalClass(Ljava/lang/String;Ljava/lang/Class;Lorg/eclipse/osgi/internal/loader/classpath/ClasspathManager;)V+173
j  org.eclipse.osgi.internal.loader.classpath.ClasspathManager.findLocalClass(Ljava/lang/String;)Ljava/lang/Class;+148
j  org.eclipse.osgi.internal.loader.ModuleClassLoader.findLocalClass(Ljava/lang/String;)Ljava/lang/Class;+5
j  org.eclipse.osgi.internal.loader.BundleLoader.findLocalClass(Ljava/lang/String;)Ljava/lang/Class;+57
j  org.eclipse.osgi.internal.loader.sources.SingleSourcePackage.loadClass(Ljava/lang/String;)Ljava/lang/Class;+5
J 1676 c1 org.eclipse.osgi.internal.loader.BundleLoader.findClass0(Ljava/lang/String;ZZ)Ljava/lang/Class; (466 bytes) @ 0x000001adc01f671c [0x000001adc01f4120+0x00000000000025fc]
J 1675 c1 org.eclipse.osgi.internal.loader.BundleLoader.findClass(Ljava/lang/String;)Ljava/lang/Class; (8 bytes) @ 0x000001adc01f381c [0x000001adc01f37a0+0x000000000000007c]
J 1677 c1 org.eclipse.osgi.internal.loader.ModuleClassLoader.loadClass(Ljava/lang/String;Z)Ljava/lang/Class; (36 bytes) @ 0x000001adc01f9cbc [0x000001adc01f9aa0+0x000000000000021c]
J 793 c1 java.lang.ClassLoader.loadClass(Ljava/lang/String;)Ljava/lang/Class; java.base@17.0.7 (7 bytes) @ 0x000001adc0037bbc [0x000001adc0037ac0+0x00000000000000fc]
v  ~StubRoutines::call_stub
j  java.lang.Class.getDeclaredMethods0(Z)[Ljava/lang/reflect/Method;+0 java.base@17.0.7
j  java.lang.Class.privateGetDeclaredMethods(Z)[Ljava/lang/reflect/Method;+34 java.base@17.0.7
j  java.lang.Class.getDeclaredMethod(Ljava/lang/String;[Ljava/lang/Class;)Ljava/lang/reflect/Method;+25 java.base@17.0.7
j  org.apache.felix.scr.impl.inject.methods.BaseMethod.getMethod(Ljava/lang/Class;Ljava/lang/String;[Ljava/lang/Class;ZZLorg/apache/felix/scr/impl/logger/ComponentLogger;)Ljava/lang/reflect/Method;+3
j  org.apache.felix.scr.impl.inject.methods.BindMethod.getServiceReferenceMethod(Ljava/lang/Class;ZZLorg/apache/felix/scr/impl/logger/ComponentLogger;)Ljava/lang/reflect/Method;+20
j  org.apache.felix.scr.impl.inject.methods.BindMethod.doFindMethod(Ljava/lang/Class;ZZLorg/apache/felix/scr/impl/logger/ComponentLogger;)Lorg/apache/felix/scr/impl/inject/methods/BaseMethod$MethodInfo;+67
j  org.apache.felix.scr.impl.inject.methods.BaseMethod.findMethod(Lorg/apache/felix/scr/impl/logger/ComponentLogger;)Lorg/apache/felix/scr/impl/inject/methods/BaseMethod$MethodInfo;+103
j  org.apache.felix.scr.impl.inject.methods.BaseMethod.access$400(Lorg/apache/felix/scr/impl/inject/methods/BaseMethod;Lorg/apache/felix/scr/impl/logger/ComponentLogger;)Lorg/apache/felix/scr/impl/inject/methods/BaseMethod$MethodInfo;+2
j  org.apache.felix.scr.impl.inject.methods.BaseMethod$NotResolved.resolve(Lorg/apache/felix/scr/impl/inject/methods/BaseMethod;Lorg/apache/felix/scr/impl/logger/ComponentLogger;)V+34
j  org.apache.felix.scr.impl.inject.methods.BaseMethod$NotResolved.methodExists(Lorg/apache/felix/scr/impl/inject/methods/BaseMethod;Lorg/apache/felix/scr/impl/logger/ComponentLogger;)Z+3
j  org.apache.felix.scr.impl.inject.methods.BaseMethod.methodExists(Lorg/apache/felix/scr/impl/logger/ComponentLogger;)Z+6
j  org.apache.felix.scr.impl.inject.methods.BindMethod.getServiceObject(Lorg/apache/felix/scr/impl/inject/BindParameters;Lorg/osgi/framework/BundleContext;)Z+24
j  org.apache.felix.scr.impl.manager.DependencyManager.getServiceObject(Lorg/apache/felix/scr/impl/manager/ComponentContextImpl;Lorg/apache/felix/scr/impl/inject/ReferenceMethod;Lorg/apache/felix/scr/impl/inject/RefPair;)Z+26
j  org.apache.felix.scr.impl.manager.DependencyManager$SingleDynamicCustomizer.prebind(Lorg/apache/felix/scr/impl/manager/ComponentContextImpl;)Z+151
j  org.apache.felix.scr.impl.manager.DependencyManager.prebind(Lorg/apache/felix/scr/impl/manager/ComponentContextImpl;)Z+5
j  org.apache.felix.scr.impl.manager.AbstractComponentManager.collectDependencies(Lorg/apache/felix/scr/impl/manager/ComponentContextImpl;)Z+36
j  org.apache.felix.scr.impl.manager.SingleComponentManager.getServiceInternal(Lorg/osgi/framework/ServiceRegistration;)Z+25
j  org.apache.felix.scr.impl.manager.AbstractComponentManager.activateInternal()V+427
j  org.apache.felix.scr.impl.manager.AbstractComponentManager.enableInternal()V+174
j  org.apache.felix.scr.impl.manager.AbstractComponentManager.enable(Z)Lorg/osgi/util/promise/Promise;+12
j  org.apache.felix.scr.impl.manager.ConfigurableComponentHolder.enableComponents(Z)Lorg/osgi/util/promise/Promise;+275
j  org.apache.felix.scr.impl.BundleComponentActivator.initialEnable()V+105
j  org.apache.felix.scr.impl.Activator.loadComponents(Lorg/osgi/framework/Bundle;)V+380
j  org.apache.felix.scr.impl.Activator.access$200(Lorg/apache/felix/scr/impl/Activator;Lorg/osgi/framework/Bundle;)V+2
j  org.apache.felix.scr.impl.Activator$ScrExtension.start()V+72
j  org.apache.felix.scr.impl.AbstractExtender.createExtension(Lorg/osgi/framework/Bundle;)V+71
j  org.apache.felix.scr.impl.AbstractExtender.modifiedBundle(Lorg/osgi/framework/Bundle;Lorg/osgi/framework/BundleEvent;Lorg/osgi/framework/Bundle;)V+115
j  org.apache.felix.scr.impl.AbstractExtender.addingBundle(Lorg/osgi/framework/Bundle;Lorg/osgi/framework/BundleEvent;)Lorg/osgi/framework/Bundle;+4
j  org.apache.felix.scr.impl.AbstractExtender.addingBundle(Lorg/osgi/framework/Bundle;Lorg/osgi/framework/BundleEvent;)Ljava/lang/Object;+3
j  org.osgi.util.tracker.BundleTracker$Tracked.customizerAdding(Lorg/osgi/framework/Bundle;Lorg/osgi/framework/BundleEvent;)Ljava/lang/Object;+9
j  org.osgi.util.tracker.BundleTracker$Tracked.customizerAdding(Ljava/lang/Object;Ljava/lang/Object;)Ljava/lang/Object;+9
j  org.osgi.util.tracker.AbstractTracked.trackAdding(Ljava/lang/Object;Ljava/lang/Object;)V+8
j  org.osgi.util.tracker.AbstractTracked.track(Ljava/lang/Object;Ljava/lang/Object;)V+83
j  org.osgi.util.tracker.BundleTracker$Tracked.bundleChanged(Lorg/osgi/framework/BundleEvent;)V+35
J 1542 c1 org.eclipse.osgi.internal.framework.BundleContextImpl.dispatchEvent(Ljava/lang/Object;Ljava/lang/Object;ILjava/lang/Object;)V (558 bytes) @ 0x000001adc01b9e3c [0x000001adc01b8c20+0x000000000000121c]
j  org.eclipse.osgi.framework.eventmgr.EventManager.dispatchEvent(Ljava/util/Set;Lorg/eclipse/osgi/framework/eventmgr/EventDispatcher;ILjava/lang/Object;)V+48
j  org.eclipse.osgi.framework.eventmgr.ListenerQueue.dispatchEventSynchronous(ILjava/lang/Object;)V+67
j  org.eclipse.osgi.internal.framework.EquinoxEventPublisher.publishBundleEventPrivileged(Lorg/osgi/framework/BundleEvent;)V+547
j  org.eclipse.osgi.internal.framework.EquinoxEventPublisher.publishBundleEvent(Lorg/osgi/framework/BundleEvent;)V+8
j  org.eclipse.osgi.internal.framework.EquinoxEventPublisher.publishBundleEvent(ILorg/osgi/framework/Bundle;Lorg/osgi/framework/Bundle;)V+15
j  org.eclipse.osgi.internal.framework.EquinoxContainerAdaptor.publishModuleEvent(Lorg/eclipse/osgi/container/ModuleContainerAdaptor$ModuleEvent;Lorg/eclipse/osgi/container/Module;Lorg/eclipse/osgi/container/Module;)V+29
j  org.eclipse.osgi.container.Module.publishEvent(Lorg/eclipse/osgi/container/ModuleContainerAdaptor$ModuleEvent;)V+13
j  org.eclipse.osgi.container.Module.start([Lorg/eclipse/osgi/container/Module$StartOptions;)V+588
j  org.eclipse.osgi.container.ModuleContainer$ContainerStartLevel$2.run()V+71
j  org.eclipse.osgi.internal.framework.EquinoxContainerAdaptor$1$1.execute(Ljava/lang/Runnable;)V+1
j  org.eclipse.osgi.container.ModuleContainer$ContainerStartLevel.incStartLevel(ILjava/util/List;Z)V+192
j  org.eclipse.osgi.container.ModuleContainer$ContainerStartLevel.incStartLevel(ILjava/util/List;Ljava/util/List;Ljava/util/List;Ljava/util/List;)V+4
j  org.eclipse.osgi.container.ModuleContainer$ContainerStartLevel.doContainerStartLevel(Lorg/eclipse/osgi/container/Module;I[Lorg/osgi/framework/FrameworkListener;)V+349
j  org.eclipse.osgi.container.ModuleContainer$ContainerStartLevel.dispatchEvent(Lorg/eclipse/osgi/container/Module;[Lorg/osgi/framework/FrameworkListener;ILjava/lang/Integer;)V+32
j  org.eclipse.osgi.container.ModuleContainer$ContainerStartLevel.dispatchEvent(Ljava/lang/Object;Ljava/lang/Object;ILjava/lang/Object;)V+15
j  org.eclipse.osgi.framework.eventmgr.EventManager.dispatchEvent(Ljava/util/Set;Lorg/eclipse/osgi/framework/eventmgr/EventDispatcher;ILjava/lang/Object;)V+48
j  org.eclipse.osgi.framework.eventmgr.EventManager$EventThread.run()V+26
v  ~StubRoutines::call_stub

---------------  P R O C E S S  ---------------

Threads class SMR info:
_java_thread_list=0x000001add7099400, length=17, elements={
0x000001adbd2610c0, 0x000001add1080740, 0x000001add1083170, 0x000001add10abdc0,
0x000001add10aea50, 0x000001add10afd70, 0x000001add10b5200, 0x000001add10bbb50,
0x000001add62480e0, 0x000001add10edb50, 0x000001add634f5c0, 0x000001add64e1730,
0x000001add6b6c430, 0x000001add6fa24f0, 0x000001add70cd5f0, 0x000001add6fe4810,
0x000001add6cfe020
}

Java Threads: ( => current thread )
  0x000001adbd2610c0 JavaThread "main" [_thread_in_vm, id=9756, stack(0x000000135d800000,0x000000135d900000)]
  0x000001add1080740 JavaThread "Reference Handler" daemon [_thread_blocked, id=9696, stack(0x000000135db00000,0x000000135dc00000)]
  0x000001add1083170 JavaThread "Finalizer" daemon [_thread_blocked, id=2080, stack(0x000000135dc00000,0x000000135dd00000)]
  0x000001add10abdc0 JavaThread "Signal Dispatcher" daemon [_thread_blocked, id=3548, stack(0x000000135dd00000,0x000000135de00000)]
  0x000001add10aea50 JavaThread "Attach Listener" daemon [_thread_blocked, id=3344, stack(0x000000135de00000,0x000000135df00000)]
  0x000001add10afd70 JavaThread "Service Thread" daemon [_thread_blocked, id=7488, stack(0x000000135df00000,0x000000135e000000)]
  0x000001add10b5200 JavaThread "Monitor Deflation Thread" daemon [_thread_blocked, id=9684, stack(0x000000135e000000,0x000000135e100000)]
  0x000001add10bbb50 JavaThread "C2 CompilerThread0" daemon [_thread_blocked, id=10672, stack(0x000000135e100000,0x000000135e200000)]
  0x000001add62480e0 JavaThread "C1 CompilerThread0" daemon [_thread_blocked, id=9136, stack(0x000000135e200000,0x000000135e300000)]
  0x000001add10edb50 JavaThread "Sweeper thread" daemon [_thread_blocked, id=4444, stack(0x000000135e300000,0x000000135e400000)]
  0x000001add634f5c0 JavaThread "Common-Cleaner" daemon [_thread_blocked, id=11088, stack(0x000000135e400000,0x000000135e500000)]
  0x000001add64e1730 JavaThread "Notification Thread" daemon [_thread_blocked, id=7800, stack(0x000000135e500000,0x000000135e600000)]
  0x000001add6b6c430 JavaThread "Active Thread: Equinox Container: 3ed3f29b-5310-442e-9bcb-d005056c7550" [_thread_blocked, id=8712, stack(0x000000135eb00000,0x000000135ec00000)]
  0x000001add6fa24f0 JavaThread "Framework Event Dispatcher: Equinox Container: 3ed3f29b-5310-442e-9bcb-d005056c7550" daemon [_thread_blocked, id=6956, stack(0x000000135ec00000,0x000000135ed00000)]
=>0x000001add70cd5f0 JavaThread "Start Level: Equinox Container: 3ed3f29b-5310-442e-9bcb-d005056c7550" daemon [_thread_in_vm, id=10804, stack(0x000000135ed00000,0x000000135ee00000)]
  0x000001add6fe4810 JavaThread "SCR Component Actor" daemon [_thread_blocked, id=10440, stack(0x000000135ee00000,0x000000135ef00000)]
  0x000001add6cfe020 JavaThread "SCR Component Registry" daemon [_thread_blocked, id=10824, stack(0x000000135ea00000,0x000000135eb00000)]

Other Threads:
  0x000001add0f88360 VMThread "VM Thread" [stack: 0x000000135da00000,0x000000135db00000] [id=7608]
  0x000001add648d140 WatcherThread [stack: 0x000000135e600000,0x000000135e700000] [id=3296]
  0x000001adbd26ec70 GCTaskThread "GC Thread#0" [stack: 0x000000135d900000,0x000000135da00000] [id=11036]
  0x000001add6b31020 GCTaskThread "GC Thread#1" [stack: 0x000000135e700000,0x000000135e800000] [id=8320]
  0x000001add6b31ae0 GCTaskThread "GC Thread#2" [stack: 0x000000135e800000,0x000000135e900000] [id=6084]
  0x000001add6b31d90 GCTaskThread "GC Thread#3" [stack: 0x000000135e900000,0x000000135ea00000] [id=8312]

Threads with active compile tasks:

VM state: not at safepoint (normal execution)

VM Mutex/Monitor currently owned by a thread:  ([mutex/lock_event])
[0x000001adbd25c770] Metaspace_lock - owner thread: 0x000001add70cd5f0

Heap address: 0x00000000c0000000, size: 1024 MB, Compressed Oops mode: 32-bit

CDS archive(s) not mapped
Compressed class space mapped at: 0x0000000100000000-0x0000000140000000, reserved size: 1073741824
Narrow klass base: 0x0000000000000000, Narrow klass shift: 3, Narrow klass range: 0x140000000

GC Precious Log:
 CPUs: 4 total, 4 available
 Memory: 8017M
 Large Page Support: Disabled
 NUMA Support: Disabled
 Compressed Oops: Enabled (32-bit)
 Alignments: Space 512K, Generation 512K, Heap 2M
 Heap Min Capacity: 100M
 Heap Initial Capacity: 100M
 Heap Max Capacity: 1G
 Pre-touch: Disabled
 Parallel Workers: 4

Heap:
 PSYoungGen      total 29696K, used 13425K [0x00000000eab00000, 0x00000000ecc00000, 0x0000000100000000)
  eden space 25600K, 36% used [0x00000000eab00000,0x00000000eb422438,0x00000000ec400000)
  from space 4096K, 99% used [0x00000000ec800000,0x00000000ecbfa078,0x00000000ecc00000)
  to   space 4096K, 0% used [0x00000000ec400000,0x00000000ec400000,0x00000000ec800000)
 ParOldGen       total 68608K, used 1413K [0x00000000c0000000, 0x00000000c4300000, 0x00000000eab00000)
  object space 68608K, 2% used [0x00000000c0000000,0x00000000c0161760,0x00000000c4300000)
 Metaspace       used 16859K, committed 17152K, reserved 1114112K
  class space    used 1719K, committed 1856K, reserved 1048576K

Card table byte_map: [0x000001adbcc10000,0x000001adbce20000] _byte_map_base: 0x000001adbc610000

Marking Bits: (ParMarkBitMap*) 0x00007ffee0f052c0
 Begin Bits: [0x000001adceef0000, 0x000001adcfef0000)
 End Bits:   [0x000001adcfef0000, 0x000001add0ef0000)

Polling page: 0x000001adbb150000

Metaspace:

Usage:
  Non-class:     14.79 MB used.
      Class:      1.68 MB used.
       Both:     16.46 MB used.

Virtual space:
  Non-class space:       64.00 MB reserved,      14.94 MB ( 23%) committed,  1 nodes.
      Class space:        1.00 GB reserved,       1.81 MB ( <1%) committed,  1 nodes.
             Both:        1.06 GB reserved,      16.75 MB (  2%) committed. 

Chunk freelists:
   Non-Class:  112.00 KB
       Class:  14.22 MB
        Both:  14.33 MB

MaxMetaspaceSize: unlimited
CompressedClassSpaceSize: 1.00 GB
Initial GC threshold: 21.00 MB
Current GC threshold: 21.00 MB
CDS: off
MetaspaceReclaimPolicy: balanced
 - commit_granule_bytes: 65536.
 - commit_granule_words: 8192.
 - virtual_space_node_default_size: 8388608.
 - enlarge_chunks_in_place: 1.
 - new_chunks_are_fully_committed: 0.
 - uncommit_free_chunks: 1.
 - use_allocation_guard: 0.
 - handle_deallocations: 1.


Internal statistics:

num_allocs_failed_limit: 0.
num_arena_births: 98.
num_arena_deaths: 0.
num_vsnodes_births: 2.
num_vsnodes_deaths: 0.
num_space_committed: 268.
num_space_uncommitted: 0.
num_chunks_returned_to_freelist: 0.
num_chunks_taken_from_freelist: 387.
num_chunk_merges: 0.
num_chunk_splits: 257.
num_chunks_enlarged: 190.
num_inconsistent_stats: 0.

CodeHeap 'non-profiled nmethods': size=120000Kb used=710Kb max_used=710Kb free=119289Kb
 bounds [0x000001adc79c0000, 0x000001adc7c30000, 0x000001adceef0000]
CodeHeap 'profiled nmethods': size=120000Kb used=3308Kb max_used=3308Kb free=116691Kb
 bounds [0x000001adbfef0000, 0x000001adc0230000, 0x000001adc7420000]
CodeHeap 'non-nmethods': size=5760Kb used=1167Kb max_used=1204Kb free=4593Kb
 bounds [0x000001adc7420000, 0x000001adc7690000, 0x000001adc79c0000]
 total_blobs=2213 nmethods=1751 adapters=377
 compilation: enabled
              stopped_count=0, restarted_count=0
 full_count=0

Compilation events (20 events):
Event: 6.697 Thread 0x000001add62480e0 1741       3       org.eclipse.osgi.internal.loader.ModuleClassLoader::findLocalClass (9 bytes)
Event: 6.697 Thread 0x000001add62480e0 nmethod 1741 0x000001adc0220690 code [0x000001adc0220840, 0x000001adc02209a8]
Event: 6.697 Thread 0x000001add62480e0 1743       3       org.eclipse.osgi.container.ModuleRevision::getBundle (8 bytes)
Event: 6.698 Thread 0x000001add62480e0 nmethod 1743 0x000001adc0220a90 code [0x000001adc0220c40, 0x000001adc0220e68]
Event: 6.699 Thread 0x000001add62480e0 1744   !   3       org.eclipse.osgi.internal.hooks.EclipseLazyStarter::postFindLocalClass (394 bytes)
Event: 6.705 Thread 0x000001add62480e0 nmethod 1744 0x000001adc0220f90 code [0x000001adc0221460, 0x000001adc0224098]
Event: 6.719 Thread 0x000001add62480e0 1745   !   3       org.eclipse.osgi.storage.bundlefile.CloseableBundleFile::getEntry (28 bytes)
Event: 6.720 Thread 0x000001add62480e0 nmethod 1745 0x000001adc0225290 code [0x000001adc02254c0, 0x000001adc0225e58]
Event: 6.721 Thread 0x000001add62480e0 1746       3       org.eclipse.osgi.storage.bundlefile.ZipBundleFile::getZipEntry (87 bytes)
Event: 6.725 Thread 0x000001add62480e0 nmethod 1746 0x000001adc0226190 code [0x000001adc02264e0, 0x000001adc0227988]
Event: 6.730 Thread 0x000001add10bbb50 1747       4       java.lang.ref.Reference::refersToImpl (6 bytes)
Event: 6.731 Thread 0x000001add10bbb50 nmethod 1747 0x000001adc7a71810 code [0x000001adc7a71980, 0x000001adc7a71a18]
Event: 6.732 Thread 0x000001add62480e0 1748       3       org.eclipse.osgi.internal.loader.classpath.ClasspathManager::findLocalClassImpl (55 bytes)
Event: 6.733 Thread 0x000001add62480e0 nmethod 1748 0x000001adc0228110 code [0x000001adc02282c0, 0x000001adc02285c8]
Event: 6.733 Thread 0x000001add62480e0 1749       3       org.eclipse.osgi.internal.loader.classpath.ClasspathEntry::findEntry (56 bytes)
Event: 6.736 Thread 0x000001add62480e0 nmethod 1749 0x000001adc0228710 code [0x000001adc0228a40, 0x000001adc022a268]
Event: 6.741 Thread 0x000001add62480e0 1750       3       org.osgi.framework.Version::toString (5 bytes)
Event: 6.741 Thread 0x000001add62480e0 nmethod 1750 0x000001adc022a990 code [0x000001adc022ab40, 0x000001adc022ac88]
Event: 6.752 Thread 0x000001add62480e0 1751       3       org.eclipse.osgi.internal.framework.EquinoxBundle::getVersion (11 bytes)
Event: 6.753 Thread 0x000001add62480e0 nmethod 1751 0x000001adc022ad10 code [0x000001adc022aec0, 0x000001adc022b088]

GC Heap History (4 events):
Event: 3.865 GC heap before
{Heap before GC invocations=1 (full 0):
 PSYoungGen      total 29696K, used 25600K [0x00000000eab00000, 0x00000000ecc00000, 0x0000000100000000)
  eden space 25600K, 100% used [0x00000000eab00000,0x00000000ec400000,0x00000000ec400000)
  from space 4096K, 0% used [0x00000000ec800000,0x00000000ec800000,0x00000000ecc00000)
  to   space 4096K, 0% used [0x00000000ec400000,0x00000000ec400000,0x00000000ec800000)
 ParOldGen       total 68608K, used 0K [0x00000000c0000000, 0x00000000c4300000, 0x00000000eab00000)
  object space 68608K, 0% used [0x00000000c0000000,0x00000000c0000000,0x00000000c4300000)
 Metaspace       used 11210K, committed 11456K, reserved 1114112K
  class space    used 1123K, committed 1216K, reserved 1048576K
}
Event: 3.883 GC heap after
{Heap after GC invocations=1 (full 0):
 PSYoungGen      total 29696K, used 3176K [0x00000000eab00000, 0x00000000ecc00000, 0x0000000100000000)
  eden space 25600K, 0% used [0x00000000eab00000,0x00000000eab00000,0x00000000ec400000)
  from space 4096K, 77% used [0x00000000ec400000,0x00000000ec71a3a8,0x00000000ec800000)
  to   space 4096K, 0% used [0x00000000ec800000,0x00000000ec800000,0x00000000ecc00000)
 ParOldGen       total 68608K, used 16K [0x00000000c0000000, 0x00000000c4300000, 0x00000000eab00000)
  object space 68608K, 0% used [0x00000000c0000000,0x00000000c0004000,0x00000000c4300000)
 Metaspace       used 11210K, committed 11456K, reserved 1114112K
  class space    used 1123K, committed 1216K, reserved 1048576K
}
Event: 6.250 GC heap before
{Heap before GC invocations=2 (full 0):
 PSYoungGen      total 29696K, used 28776K [0x00000000eab00000, 0x00000000ecc00000, 0x0000000100000000)
  eden space 25600K, 100% used [0x00000000eab00000,0x00000000ec400000,0x00000000ec400000)
  from space 4096K, 77% used [0x00000000ec400000,0x00000000ec71a3a8,0x00000000ec800000)
  to   space 4096K, 0% used [0x00000000ec800000,0x00000000ec800000,0x00000000ecc00000)
 ParOldGen       total 68608K, used 16K [0x00000000c0000000, 0x00000000c4300000, 0x00000000eab00000)
  object space 68608K, 0% used [0x00000000c0000000,0x00000000c0004000,0x00000000c4300000)
 Metaspace       used 15003K, committed 15296K, reserved 1114112K
  class space    used 1519K, committed 1664K, reserved 1048576K
}
Event: 6.267 GC heap after
{Heap after GC invocations=2 (full 0):
 PSYoungGen      total 29696K, used 4072K [0x00000000eab00000, 0x00000000ecc00000, 0x0000000100000000)
  eden space 25600K, 0% used [0x00000000eab00000,0x00000000eab00000,0x00000000ec400000)
  from space 4096K, 99% used [0x00000000ec800000,0x00000000ecbfa078,0x00000000ecc00000)
  to   space 4096K, 0% used [0x00000000ec400000,0x00000000ec400000,0x00000000ec800000)
 ParOldGen       total 68608K, used 1413K [0x00000000c0000000, 0x00000000c4300000, 0x00000000eab00000)
  object space 68608K, 2% used [0x00000000c0000000,0x00000000c0161760,0x00000000c4300000)
 Metaspace       used 15003K, committed 15296K, reserved 1114112K
  class space    used 1519K, committed 1664K, reserved 1048576K
}

Dll operation events (9 events):
Event: 0.040 Loaded shared library c:\Users\PALLADIN\.vscode\extensions\redhat.java-1.20.0-win32-x64\jre\17.0.7-win32-x86_64\bin\java.dll
Event: 0.762 Loaded shared library c:\Users\PALLADIN\.vscode\extensions\redhat.java-1.20.0-win32-x64\jre\17.0.7-win32-x86_64\bin\zip.dll
Event: 0.780 Loaded shared library C:\Users\PALLADIN\.vscode\extensions\redhat.java-1.20.0-win32-x64\jre\17.0.7-win32-x86_64\bin\instrument.dll
Event: 0.841 Loaded shared library C:\Users\PALLADIN\.vscode\extensions\redhat.java-1.20.0-win32-x64\jre\17.0.7-win32-x86_64\bin\net.dll
Event: 0.847 Loaded shared library C:\Users\PALLADIN\.vscode\extensions\redhat.java-1.20.0-win32-x64\jre\17.0.7-win32-x86_64\bin\nio.dll
Event: 0.890 Loaded shared library C:\Users\PALLADIN\.vscode\extensions\redhat.java-1.20.0-win32-x64\jre\17.0.7-win32-x86_64\bin\zip.dll
Event: 1.032 Loaded shared library C:\Users\PALLADIN\.vscode\extensions\redhat.java-1.20.0-win32-x64\jre\17.0.7-win32-x86_64\bin\jimage.dll
Event: 1.370 Loaded shared library c:\Users\PALLADIN\.vscode\extensions\redhat.java-1.20.0-win32-x64\jre\17.0.7-win32-x86_64\bin\verify.dll
Event: 5.854 Loaded shared library C:\Users\PALLADIN\AppData\Roaming\Code\User\globalStorage\redhat.java\1.20.0\config_win\org.eclipse.equinox.launcher\org.eclipse.equinox.launcher.win32.win32.x86_64_1.2.700.v20221108-1024\eclipse_11801.dll

Deoptimization events (20 events):
Event: 5.764 Thread 0x000001adbd2610c0 DEOPT PACKING pc=0x000001adbffc2543 sp=0x000000135d8fe540
Event: 5.764 Thread 0x000001adbd2610c0 DEOPT UNPACKING pc=0x000001adc7476e24 sp=0x000000135d8fda60 mode 0
Event: 5.775 Thread 0x000001adbd2610c0 DEOPT PACKING pc=0x000001adc003cabe sp=0x000000135d8fe420
Event: 5.775 Thread 0x000001adbd2610c0 DEOPT UNPACKING pc=0x000001adc7476e24 sp=0x000000135d8fd898 mode 0
Event: 6.474 Thread 0x000001add70cd5f0 Uncommon trap: trap_request=0xffffff45 fr.pc=0x000001adc79f0d9c relative=0x00000000000001dc
Event: 6.474 Thread 0x000001add70cd5f0 Uncommon trap: reason=unstable_if action=reinterpret pc=0x000001adc79f0d9c method=java.lang.invoke.VarHandle.checkExactAccessMode(Ljava/lang/invoke/VarHandle$AccessDescriptor;)V @ 4 c2
Event: 6.474 Thread 0x000001add70cd5f0 DEOPT PACKING pc=0x000001adc79f0d9c sp=0x000000135edfda50
Event: 6.474 Thread 0x000001add70cd5f0 DEOPT UNPACKING pc=0x000001adc747669d sp=0x000000135edfd9a0 mode 2
Event: 6.519 Thread 0x000001add70cd5f0 Uncommon trap: trap_request=0xffffff45 fr.pc=0x000001adc7a68fc8 relative=0x0000000000000b28
Event: 6.519 Thread 0x000001add70cd5f0 Uncommon trap: reason=unstable_if action=reinterpret pc=0x000001adc7a68fc8 method=java.util.concurrent.ConcurrentHashMap.putVal(Ljava/lang/Object;Ljava/lang/Object;Z)Ljava/lang/Object; @ 148 c2
Event: 6.519 Thread 0x000001add70cd5f0 DEOPT PACKING pc=0x000001adc7a68fc8 sp=0x000000135edf8fb0
Event: 6.519 Thread 0x000001add70cd5f0 DEOPT UNPACKING pc=0x000001adc747669d sp=0x000000135edf8f30 mode 2
Event: 6.545 Thread 0x000001add70cd5f0 Uncommon trap: trap_request=0xffffff45 fr.pc=0x000001adc7a5af30 relative=0x0000000000002630
Event: 6.545 Thread 0x000001add70cd5f0 Uncommon trap: reason=unstable_if action=reinterpret pc=0x000001adc7a5af30 method=java.io.WinNTFileSystem.normalize(Ljava/lang/String;II)Ljava/lang/String; @ 100 c2
Event: 6.545 Thread 0x000001add70cd5f0 DEOPT PACKING pc=0x000001adc7a5af30 sp=0x000000135edf93d0
Event: 6.545 Thread 0x000001add70cd5f0 DEOPT UNPACKING pc=0x000001adc747669d sp=0x000000135edf9310 mode 2
Event: 6.546 Thread 0x000001add70cd5f0 Uncommon trap: trap_request=0xffffff45 fr.pc=0x000001adc7a567b4 relative=0x0000000000001274
Event: 6.546 Thread 0x000001add70cd5f0 Uncommon trap: reason=unstable_if action=reinterpret pc=0x000001adc7a567b4 method=java.io.WinNTFileSystem.normalize(Ljava/lang/String;II)Ljava/lang/String; @ 100 c2
Event: 6.546 Thread 0x000001add70cd5f0 DEOPT PACKING pc=0x000001adc7a567b4 sp=0x000000135edf92f0
Event: 6.546 Thread 0x000001add70cd5f0 DEOPT UNPACKING pc=0x000001adc747669d sp=0x000000135edf92f8 mode 2

Classes unloaded (0 events):
No events

Classes redefined (0 events):
No events

Internal exceptions (20 events):
Event: 2.552 Thread 0x000001adbd2610c0 Exception <a 'java/io/FileNotFoundException'{0x00000000eb7c1318}> (0x00000000eb7c1318) 
thrown [s\src\hotspot\share\prims\jni.cpp, line 516]
Event: 2.580 Thread 0x000001adbd2610c0 Exception <a 'java/io/FileNotFoundException'{0x00000000eb7fb5b0}> (0x00000000eb7fb5b0) 
thrown [s\src\hotspot\share\prims\jni.cpp, line 516]
Event: 3.357 Thread 0x000001adbd2610c0 Exception <a 'java/lang/ClassNotFoundException'{0x00000000ec0012c0}: sun/net/www/protocol/c/Handler> (0x00000000ec0012c0) 
thrown [s\src\hotspot\share\classfile\systemDictionary.cpp, line 256]
Event: 3.358 Thread 0x000001adbd2610c0 Exception <a 'java/lang/ClassNotFoundException'{0x00000000ec0027a8}: sun/net/www/protocol/c/Handler> (0x00000000ec0027a8) 
thrown [s\src\hotspot\share\classfile\systemDictionary.cpp, line 256]
Event: 3.360 Thread 0x000001adbd2610c0 Exception <a 'java/lang/ClassNotFoundException'{0x00000000ec003df8}: sun/net/www/protocol/c/Handler> (0x00000000ec003df8) 
thrown [s\src\hotspot\share\classfile\systemDictionary.cpp, line 256]
Event: 3.380 Thread 0x000001adbd2610c0 Exception <a 'java/io/FileNotFoundException'{0x00000000ec02aa18}> (0x00000000ec02aa18) 
thrown [s\src\hotspot\share\prims\jni.cpp, line 516]
Event: 3.495 Thread 0x000001adbd2610c0 Implicit null exception at 0x000001adc79fbcdb to 0x000001adc79fc62c
Event: 3.495 Thread 0x000001adbd2610c0 Implicit null exception at 0x000001adc7a0b06c to 0x000001adc7a0b248
Event: 3.496 Thread 0x000001adbd2610c0 Implicit null exception at 0x000001adc79feb8e to 0x000001adc79fedd0
Event: 3.496 Thread 0x000001adbd2610c0 Implicit null exception at 0x000001adc79fdd8f to 0x000001adc79fde05
Event: 3.715 Thread 0x000001adbd2610c0 Exception <a 'java/lang/NoSuchMethodError'{0x00000000ec2fc620}: 'int java.lang.invoke.DirectMethodHandle$Holder.invokeStaticInit(java.lang.Object, java.lang.Object, java.lang.Object, java.lang.Object)'> (0x00000000ec2fc620) 
thrown [s\src\hotspot\share\interpreter\linkResolver.cpp, line 759]
Event: 3.725 Thread 0x000001adbd2610c0 Exception <a 'java/lang/NoSuchMethodError'{0x00000000ec306c90}: 'java.lang.Object java.lang.invoke.DirectMethodHandle$Holder.invokeInterface(java.lang.Object, java.lang.Object)'> (0x00000000ec306c90) 
thrown [s\src\hotspot\share\interpreter\linkResolver.cpp, line 759]
Event: 3.726 Thread 0x000001adbd2610c0 Exception <a 'java/lang/IncompatibleClassChangeError'{0x00000000ec30a488}: Found class java.lang.Object, but interface was expected> (0x00000000ec30a488) 
thrown [s\src\hotspot\share\interpreter\linkResolver.cpp, line 826]
Event: 3.729 Thread 0x000001adbd2610c0 Exception <a 'java/lang/NoSuchMethodError'{0x00000000ec30e980}: 'void java.lang.invoke.DirectMethodHandle$Holder.invokeStatic(java.lang.Object, java.lang.Object)'> (0x00000000ec30e980) 
thrown [s\src\hotspot\share\interpreter\linkResolver.cpp, line 759]
Event: 3.732 Thread 0x000001adbd2610c0 Exception <a 'java/lang/NoSuchMethodError'{0x00000000ec312180}: 'void java.lang.invoke.DirectMethodHandle$Holder.invokeStaticInit(java.lang.Object, java.lang.Object)'> (0x00000000ec312180) 
thrown [s\src\hotspot\share\interpreter\linkResolver.cpp, line 759]
Event: 3.745 Thread 0x000001adbd2610c0 Exception <a 'java/lang/NoSuchMethodError'{0x00000000ec319578}: 'int java.lang.invoke.DirectMethodHandle$Holder.invokeStaticInit(java.lang.Object, java.lang.Object)'> (0x00000000ec319578) 
thrown [s\src\hotspot\share\interpreter\linkResolver.cpp, line 759]
Event: 3.918 Thread 0x000001adbd2610c0 Exception <a 'java/lang/NoSuchMethodError'{0x00000000eab621d8}: 'void java.lang.invoke.DirectMethodHandle$Holder.invokeSpecial(java.lang.Object, java.lang.Object, java.lang.Object)'> (0x00000000eab621d8) 
thrown [s\src\hotspot\share\interpreter\linkResolver.cpp, line 759]
Event: 5.176 Thread 0x000001adbd2610c0 Exception <a 'java/lang/NoSuchMethodError'{0x00000000eb8c3558}: 'java.lang.Object java.lang.invoke.DirectMethodHandle$Holder.newInvokeSpecial(java.lang.Object, int, java.lang.Object)'> (0x00000000eb8c3558) 
thrown [s\src\hotspot\share\interpreter\linkResolver.cpp, line 759]
Event: 5.848 Thread 0x000001adbd2610c0 Exception <a 'java/lang/UnsatisfiedLinkError'{0x00000000ebe5a850}: 'void org.eclipse.equinox.launcher.JNIBridge._update_splash()'> (0x00000000ebe5a850) 
thrown [s\src\hotspot\share\prims\nativeLookup.cpp, line 543]
Event: 5.996 Thread 0x000001add70cd5f0 Exception <a 'java/lang/NoSuchMethodError'{0x00000000ec1209f0}: 'java.lang.Object java.lang.invoke.DirectMethodHandle$Holder.invokeStaticInit(java.lang.Object)'> (0x00000000ec1209f0) 
thrown [s\src\hotspot\share\interpreter\linkResolver.cpp, line 759]

VM Operations (20 events):
Event: 3.265 Executing VM operation: Cleanup
Event: 3.265 Executing VM operation: Cleanup done
Event: 3.865 Executing VM operation: ParallelGCFailedAllocation
Event: 3.884 Executing VM operation: ParallelGCFailedAllocation done
Event: 4.890 Executing VM operation: Cleanup
Event: 4.907 Executing VM operation: Cleanup done
Event: 5.025 Executing VM operation: HandshakeAllThreads
Event: 5.025 Executing VM operation: HandshakeAllThreads done
Event: 5.033 Executing VM operation: HandshakeAllThreads
Event: 5.033 Executing VM operation: HandshakeAllThreads done
Event: 5.064 Executing VM operation: HandshakeAllThreads
Event: 5.064 Executing VM operation: HandshakeAllThreads done
Event: 5.151 Executing VM operation: HandshakeAllThreads
Event: 5.151 Executing VM operation: HandshakeAllThreads done
Event: 6.079 Executing VM operation: HandshakeAllThreads
Event: 6.079 Executing VM operation: HandshakeAllThreads done
Event: 6.079 Executing VM operation: Cleanup
Event: 6.079 Executing VM operation: Cleanup done
Event: 6.249 Executing VM operation: ParallelGCFailedAllocation
Event: 6.267 Executing VM operation: ParallelGCFailedAllocation done

Events (20 events):
Event: 6.391 loading class java/util/Timer done
Event: 6.392 loading class java/util/TaskQueue
Event: 6.392 loading class java/util/TaskQueue done
Event: 6.392 loading class java/util/TimerThread
Event: 6.393 loading class java/util/TimerThread done
Event: 6.393 loading class java/util/Timer$ThreadReaper
Event: 6.393 loading class java/util/Timer$ThreadReaper done
Event: 6.394 Thread 0x000001add6cfe020 Thread added: 0x000001add6cfe020
Event: 6.430 loading class java/util/concurrent/locks/ReentrantLock$FairSync
Event: 6.431 loading class java/util/concurrent/locks/ReentrantLock$FairSync done
Event: 6.434 loading class java/util/Collections$ReverseComparator
Event: 6.435 loading class java/util/Collections$ReverseComparator done
Event: 6.567 loading class javax/xml/parsers/ParserConfigurationException
Event: 6.567 loading class javax/xml/parsers/ParserConfigurationException done
Event: 6.614 loading class java/lang/CloneNotSupportedException
Event: 6.614 loading class java/lang/CloneNotSupportedException done
Event: 6.659 loading class java/util/TreeMap$Values
Event: 6.660 loading class java/util/TreeMap$Values done
Event: 6.660 loading class java/util/TreeMap$ValueIterator
Event: 6.660 loading class java/util/TreeMap$ValueIterator done


Dynamic libraries:
0x00007ff7d86b0000 - 0x00007ff7d86be000 	c:\Users\PALLADIN\.vscode\extensions\redhat.java-1.20.0-win32-x64\jre\17.0.7-win32-x86_64\bin\java.exe
0x00007fff38790000 - 0x00007fff38988000 	C:\WINDOWS\SYSTEM32\ntdll.dll
0x00007fff38610000 - 0x00007fff386cf000 	C:\WINDOWS\System32\KERNEL32.DLL
0x00007fff35ef0000 - 0x00007fff361c2000 	C:\WINDOWS\System32\KERNELBASE.dll
0x00007fff36330000 - 0x00007fff36430000 	C:\WINDOWS\System32\ucrtbase.dll
0x00007fff26790000 - 0x00007fff267a7000 	c:\Users\PALLADIN\.vscode\extensions\redhat.java-1.20.0-win32-x64\jre\17.0.7-win32-x86_64\bin\jli.dll
0x00007fff26740000 - 0x00007fff26759000 	c:\Users\PALLADIN\.vscode\extensions\redhat.java-1.20.0-win32-x64\jre\17.0.7-win32-x86_64\bin\VCRUNTIME140.dll
0x00007fff38340000 - 0x00007fff384e1000 	C:\WINDOWS\System32\USER32.dll
0x00007fff202d0000 - 0x00007fff2056a000 	C:\WINDOWS\WinSxS\amd64_microsoft.windows.common-controls_6595b64144ccf1df_6.0.19041.1110_none_60b5254171f9507e\COMCTL32.dll
0x00007fff36430000 - 0x00007fff36452000 	C:\WINDOWS\System32\win32u.dll
0x00007fff367e0000 - 0x00007fff3680b000 	C:\WINDOWS\System32\GDI32.dll
0x00007fff36ef0000 - 0x00007fff36f8e000 	C:\WINDOWS\System32\msvcrt.dll
0x00007fff36620000 - 0x00007fff3672f000 	C:\WINDOWS\System32\gdi32full.dll
0x00007fff36730000 - 0x00007fff367cd000 	C:\WINDOWS\System32\msvcp_win.dll
0x00007fff37b20000 - 0x00007fff37b52000 	C:\WINDOWS\System32\IMM32.DLL
0x00007fff28be0000 - 0x00007fff28bec000 	c:\Users\PALLADIN\.vscode\extensions\redhat.java-1.20.0-win32-x64\jre\17.0.7-win32-x86_64\bin\vcruntime140_1.dll
0x00007fff13fa0000 - 0x00007fff14031000 	c:\Users\PALLADIN\.vscode\extensions\redhat.java-1.20.0-win32-x64\jre\17.0.7-win32-x86_64\bin\msvcp140.dll
0x00007ffee0380000 - 0x00007ffee0fc8000 	c:\Users\PALLADIN\.vscode\extensions\redhat.java-1.20.0-win32-x64\jre\17.0.7-win32-x86_64\bin\server\jvm.dll
0x00007fff37940000 - 0x00007fff379ee000 	C:\WINDOWS\System32\ADVAPI32.dll
0x00007fff37b60000 - 0x00007fff37bfc000 	C:\WINDOWS\System32\sechost.dll
0x00007fff381f0000 - 0x00007fff38315000 	C:\WINDOWS\System32\RPCRT4.dll
0x00007fff2a0c0000 - 0x00007fff2a0ca000 	C:\WINDOWS\SYSTEM32\VERSION.dll
0x00007fff29e70000 - 0x00007fff29e97000 	C:\WINDOWS\SYSTEM32\WINMM.dll
0x00007fff335b0000 - 0x00007fff335b9000 	C:\WINDOWS\SYSTEM32\WSOCK32.dll
0x00007fff37d40000 - 0x00007fff37dab000 	C:\WINDOWS\System32\WS2_32.dll
0x00007fff33d40000 - 0x00007fff33d52000 	C:\WINDOWS\SYSTEM32\kernel.appcore.dll
0x00007fff27810000 - 0x00007fff2781a000 	c:\Users\PALLADIN\.vscode\extensions\redhat.java-1.20.0-win32-x64\jre\17.0.7-win32-x86_64\bin\jimage.dll
0x00007fff24df0000 - 0x00007fff24fd4000 	C:\WINDOWS\SYSTEM32\DBGHELP.DLL
0x00007fff24db0000 - 0x00007fff24de5000 	C:\WINDOWS\SYSTEM32\dbgcore.DLL
0x00007fff36490000 - 0x00007fff36512000 	C:\WINDOWS\System32\bcryptPrimitives.dll
0x00007fff26db0000 - 0x00007fff26dbe000 	c:\Users\PALLADIN\.vscode\extensions\redhat.java-1.20.0-win32-x64\jre\17.0.7-win32-x86_64\bin\instrument.dll
0x00007fff1bbd0000 - 0x00007fff1bbf5000 	c:\Users\PALLADIN\.vscode\extensions\redhat.java-1.20.0-win32-x64\jre\17.0.7-win32-x86_64\bin\java.dll
0x00007fff25cd0000 - 0x00007fff25ce8000 	c:\Users\PALLADIN\.vscode\extensions\redhat.java-1.20.0-win32-x64\jre\17.0.7-win32-x86_64\bin\zip.dll
0x00007fff371f0000 - 0x00007fff37934000 	C:\WINDOWS\System32\SHELL32.dll
0x00007fff33f40000 - 0x00007fff346d2000 	C:\WINDOWS\SYSTEM32\windows.storage.dll
0x00007fff37dd0000 - 0x00007fff38125000 	C:\WINDOWS\System32\combase.dll
0x00007fff35800000 - 0x00007fff35830000 	C:\WINDOWS\SYSTEM32\Wldp.dll
0x00007fff37140000 - 0x00007fff371ed000 	C:\WINDOWS\System32\SHCORE.dll
0x00007fff379f0000 - 0x00007fff37a45000 	C:\WINDOWS\System32\shlwapi.dll
0x00007fff35dc0000 - 0x00007fff35ddf000 	C:\WINDOWS\SYSTEM32\profapi.dll
0x00007fff1bbb0000 - 0x00007fff1bbc9000 	C:\Users\PALLADIN\.vscode\extensions\redhat.java-1.20.0-win32-x64\jre\17.0.7-win32-x86_64\bin\net.dll
0x00007fff2a310000 - 0x00007fff2a41c000 	C:\WINDOWS\SYSTEM32\WINHTTP.dll
0x00007fff35560000 - 0x00007fff355ca000 	C:\WINDOWS\system32\mswsock.dll
0x00007fff1b8a0000 - 0x00007fff1b8b5000 	C:\Users\PALLADIN\.vscode\extensions\redhat.java-1.20.0-win32-x64\jre\17.0.7-win32-x86_64\bin\nio.dll
0x00007fff268f0000 - 0x00007fff26900000 	c:\Users\PALLADIN\.vscode\extensions\redhat.java-1.20.0-win32-x64\jre\17.0.7-win32-x86_64\bin\verify.dll
0x00007fff13f20000 - 0x00007fff13f5e000 	C:\Users\PALLADIN\AppData\Roaming\Code\User\globalStorage\redhat.java\1.20.0\config_win\org.eclipse.equinox.launcher\org.eclipse.equinox.launcher.win32.win32.x86_64_1.2.700.v20221108-1024\eclipse_11801.dll
0x00007fff36dc0000 - 0x00007fff36eea000 	C:\WINDOWS\System32\ole32.dll

dbghelp: loaded successfully - version: 4.0.5 - missing functions: none
symbol engine: initialized successfully - sym options: 0x614 - pdb path: .;c:\Users\PALLADIN\.vscode\extensions\redhat.java-1.20.0-win32-x64\jre\17.0.7-win32-x86_64\bin;C:\WINDOWS\SYSTEM32;C:\WINDOWS\WinSxS\amd64_microsoft.windows.common-controls_6595b64144ccf1df_6.0.19041.1110_none_60b5254171f9507e;c:\Users\PALLADIN\.vscode\extensions\redhat.java-1.20.0-win32-x64\jre\17.0.7-win32-x86_64\bin\server;C:\Users\PALLADIN\AppData\Roaming\Code\User\globalStorage\redhat.java\1.20.0\config_win\org.eclipse.equinox.launcher\org.eclipse.equinox.launcher.win32.win32.x86_64_1.2.700.v20221108-1024

VM Arguments:
jvm_args: --add-modules=ALL-SYSTEM --add-opens=java.base/java.util=ALL-UNNAMED --add-opens=java.base/java.lang=ALL-UNNAMED --add-opens=java.base/sun.nio.fs=ALL-UNNAMED -Declipse.application=org.eclipse.jdt.ls.core.id1 -Dosgi.bundles.defaultStartLevel=4 -Declipse.product=org.eclipse.jdt.ls.core.product -Djava.import.generatesMetadataFilesAtProjectRoot=false -Dfile.encoding=utf8 -XX:+UseParallelGC -XX:GCTimeRatio=4 -XX:AdaptiveSizePolicyWeight=90 -Dsun.zip.disableMemoryMapping=true -Xmx1G -Xms100m -Xlog:disable -javaagent:c:\Users\PALLADIN\.vscode\extensions\redhat.java-1.20.0-win32-x64\lombok\lombok-1.18.28.jar -XX:+HeapDumpOnOutOfMemoryError -XX:HeapDumpPath=c:\Users\PALLADIN\AppData\Roaming\Code\User\workspaceStorage\5a86af46a765defb9fd499ac0cd14f41\redhat.java -Daether.dependencyCollector.impl=bf 
java_command: c:\Users\PALLADIN\.vscode\extensions\redhat.java-1.20.0-win32-x64\server\plugins\org.eclipse.equinox.launcher_1.6.500.v20230622-2056.jar -configuration c:\Users\PALLADIN\AppData\Roaming\Code\User\globalStorage\redhat.java\1.20.0\config_win -data c:\Users\PALLADIN\AppData\Roaming\Code\User\workspaceStorage\5a86af46a765defb9fd499ac0cd14f41\redhat.java\jdt_ws
java_class_path (initial): c:\Users\PALLADIN\.vscode\extensions\redhat.java-1.20.0-win32-x64\server\plugins\org.eclipse.equinox.launcher_1.6.500.v20230622-2056.jar
Launcher Type: SUN_STANDARD

[Global flags]
    uintx AdaptiveSizePolicyWeight                 = 90                                        {product} {command line}
     intx CICompilerCount                          = 3                                         {product} {ergonomic}
    uintx GCTimeRatio                              = 4                                         {product} {command line}
     bool HeapDumpOnOutOfMemoryError               = true                                   {manageable} {command line}
    ccstr HeapDumpPath                             = c:\Users\PALLADIN\AppData\Roaming\Code\User\workspaceStorage\5a86af46a765defb9fd499ac0cd14f41\redhat.java         {manageable} {command line}
   size_t InitialHeapSize                          = 104857600                                 {product} {command line}
   size_t MaxHeapSize                              = 1073741824                                {product} {command line}
   size_t MaxNewSize                               = 357564416                                 {product} {ergonomic}
   size_t MinHeapDeltaBytes                        = 524288                                    {product} {ergonomic}
   size_t MinHeapSize                              = 104857600                                 {product} {command line}
   size_t NewSize                                  = 34603008                                  {product} {ergonomic}
    uintx NonNMethodCodeHeapSize                   = 5832780                                {pd product} {ergonomic}
    uintx NonProfiledCodeHeapSize                  = 122912730                              {pd product} {ergonomic}
   size_t OldSize                                  = 70254592                                  {product} {ergonomic}
    uintx ProfiledCodeHeapSize                     = 122912730                              {pd product} {ergonomic}
    uintx ReservedCodeCacheSize                    = 251658240                              {pd product} {ergonomic}
     bool SegmentedCodeCache                       = true                                      {product} {ergonomic}
   size_t SoftMaxHeapSize                          = 1073741824                             {manageable} {ergonomic}
     bool UseCompressedClassPointers               = true                           {product lp64_product} {ergonomic}
     bool UseCompressedOops                        = true                           {product lp64_product} {ergonomic}
     bool UseLargePagesIndividualAllocation        = false                                  {pd product} {ergonomic}
     bool UseParallelGC                            = true                                      {product} {command line}

Logging:
Log output configuration:
 #0: stdout all=off uptime,level,tags
 #1: stderr all=off uptime,level,tags

Environment Variables:
JAVA_HOME=C:\Program Files\Java\jdk-19
PATH=C:\Program Files\Common Files\Oracle\Java\javapath;C:\WINDOWS\system32;C:\WINDOWS;C:\WINDOWS\System32\Wbem;C:\WINDOWS\System32\WindowsPowerShell\v1.0\;C:\WINDOWS\System32\OpenSSH\;C:\Program Files (x86)\ATI Technologies\ATI.ACE\Core-Static;C:\Program Files\7-Zip;C:\Program Files (x86)\Common Files\Acronis\SnapAPI\;C:\Program Files\dotnet\;C:\Program Files (x86)\dotnet\;C:\Program Files\PowerShell\7\;C:\Program Files\Git\cmd;C:\Program Files\Java\jdk-19\bin;C:\Program Files\Microsoft SQL Server\150\Tools\Binn\;C:\Program Files\Microsoft SQL Server\Client SDK\ODBC\170\Tools\Binn\;C:\Program Files\MySQL\MySQL Shell 8.0\bin\;C:\Users\PALLADIN\AppData\Local\Programs\Python\Python311\Scripts\;C:\Users\PALLADIN\AppData\Local\Programs\Python\Python311\;C:\Users\PALLADIN\AppData\Local\Microsoft\WindowsApps;;C:\Users\PALLADIN\AppData\Local\Programs\Microsoft VS Code\bin;C:\Users\PALLADIN\.dotnet\tools;C:\Program Files\JetBrains\PyCharm Community Edition 2022.2.3\bin;;C:\Program Files\JetBrains\IntelliJ IDEA Community Edition 2022.3.3\bin;
USERNAME=PALLADIN
OS=Windows_NT
PROCESSOR_IDENTIFIER=Intel64 Family 6 Model 76 Stepping 4, GenuineIntel
TMP=C:\Users\PALLADIN\AppData\Local\Temp
TEMP=C:\Users\PALLADIN\AppData\Local\Temp



---------------  S Y S T E M  ---------------

OS:
 Windows 10 , 64 bit Build 19041 (10.0.19041.2364)
OS uptime: 0 days 2:50 hours

CPU: total 4 (initial active 4) (4 cores per cpu, 1 threads per core) family 6 model 76 stepping 4 microcode 0x411, cx8, cmov, fxsr, mmx, 3dnowpref, sse, sse2, sse3, ssse3, sse4.1, sse4.2, popcnt, tsc, tscinvbit, aes, erms, clmul, clflush

Memory: 4k page, system-wide physical 8017M (740M free)
TotalPageFile size 8017M (AvailPageFile size 2M)
current process WorkingSet (physical memory assigned to process): 94M, peak: 94M
current process commit charge ("private bytes"): 197M, peak: 197M

vm_info: OpenJDK 64-Bit Server VM (17.0.7+7) for windows-amd64 JRE (17.0.7+7), built on Apr 18 2023 22:10:42 by "temurin" with MS VC++ 16.7 (VS2019)

END.
