#
# There is insufficient memory for the Java Runtime Environment to continue.
# Native memory allocation (mmap) failed to map 132120576 bytes for G1 virtual space
# Possible reasons:
#   The system is out of physical RAM or swap space
#   The process is running with CompressedOops enabled, and the Java Heap may be blocking the growth of the native heap
# Possible solutions:
#   Reduce memory load on the system
#   Increase physical memory or swap space
#   Check if swap backing store is full
#   Decrease Java heap size (-Xmx/-Xms)
#   Decrease number of Java threads
#   Decrease Java thread stack sizes (-Xss)
#   Set larger code cache with -XX:ReservedCodeCacheSize=
#   JVM is running with Unscaled Compressed Oops mode in which the Java heap is
#     placed in the first 4GB address space. The Java Heap base address is the
#     maximum limit for the native heap growth. Please use -XX:HeapBaseMinAddress
#     to set the Java Heap base and to place the Java Heap above 4GB virtual address.
# This output file may be truncated or incomplete.
#
#  Out of Memory Error (os_windows.cpp:3536), pid=6512, tid=3372
#
# JRE version:  (19.0.2+7) (build )
# Java VM: Java HotSpot(TM) 64-Bit Server VM (19.0.2+7-44, mixed mode, sharing, tiered, compressed oops, compressed class ptrs, g1 gc, windows-amd64)
# No core dump will be written. Minidumps are not enabled by default on client versions of Windows
#

---------------  S U M M A R Y ------------

Command Line: -XX:+ShowCodeDetailsInExceptionMessages lesson4.Program

Host: Intel(R) Pentium(R) CPU  N3710  @ 1.60GHz, 4 cores, 7G,  Windows 10 , 64 bit Build 19041 (10.0.19041.2364)
Time: Sun Jul 23 11:34:58 2023  Windows 10 , 64 bit Build 19041 (10.0.19041.2364) elapsed time: 0.109933 seconds (0d 0h 0m 0s)

---------------  T H R E A D  ---------------

Current thread (0x000002263b7bda40):  JavaThread "Unknown thread" [_thread_in_vm, id=3372, stack(0x0000003e13600000,0x0000003e13700000)]

Stack: [0x0000003e13600000,0x0000003e13700000]
Native frames: (J=compiled Java code, j=interpreted, Vv=VM code, C=native code)
V  [jvm.dll+0x6ee21a]
V  [jvm.dll+0x85765e]
V  [jvm.dll+0x85904e]
V  [jvm.dll+0x859703]
V  [jvm.dll+0x28298f]
V  [jvm.dll+0x6eb009]
V  [jvm.dll+0x6dfbaa]
V  [jvm.dll+0x3573f6]
V  [jvm.dll+0x35ee56]
V  [jvm.dll+0x3b541e]
V  [jvm.dll+0x3b564f]
V  [jvm.dll+0x32c9ea]
V  [jvm.dll+0x32d89e]
V  [jvm.dll+0x821780]
V  [jvm.dll+0x3c2661]
V  [jvm.dll+0x801f51]
V  [jvm.dll+0x44ae8f]
V  [jvm.dll+0x44c811]
C  [jli.dll+0x5287]
C  [ucrtbase.dll+0x21bb2]
C  [KERNEL32.DLL+0x17614]
C  [ntdll.dll+0x526a1]


---------------  P R O C E S S  ---------------

Threads class SMR info:
_java_thread_list=0x00007ffa3264d048, length=0, elements={
}

Java Threads: ( => current thread )

Other Threads:
  0x000002263b81bdd0 WorkerThread "GC Thread#0" [stack: 0x0000003e13700000,0x0000003e13800000] [id=1844]
  0x000002263b82c7f0 ConcurrentGCThread "G1 Main Marker" [stack: 0x0000003e13800000,0x0000003e13900000] [id=1100]
  0x000002263b82d3d0 WorkerThread "G1 Conc#0" [stack: 0x0000003e13900000,0x0000003e13a00000] [id=7540]

[error occurred during error reporting (printing all threads), id 0xc0000005, EXCEPTION_ACCESS_VIOLATION (0xc0000005) at pc=0x00007ffa31e0d427]

VM state: not at safepoint (not fully initialized)

VM Mutex/Monitor currently owned by a thread:  ([mutex/lock_event])
[0x000002263b7b9c80] Heap_lock - owner thread: 0x000002263b7bda40

Heap address: 0x0000000082a00000, size: 2006 MB, Compressed Oops mode: 32-bit

CDS archive(s) mapped at: [0x0000000000000000-0x0000000000000000-0x0000000000000000), size 0, SharedBaseAddress: 0x0000000800000000, ArchiveRelocationMode: 0.
Narrow klass base: 0x0000000000000000, Narrow klass shift: 0, Narrow klass range: 0x0

GC Precious Log:
 CardTable entry size: 512
 Card Set container configuration: InlinePtr #cards 5 size 8 Array Of Cards #cards 12 size 40 Howl #buckets 4 coarsen threshold 1843 Howl Bitmap #cards 512 size 80 coarsen threshold 460 Card regions per heap region 1 cards per card region 2048

Heap:
 garbage-first heap   total 0K, used 0K [0x0000000082a00000, 0x0000000100000000)
  region size 1024K, 0 young (0K), 0 survivors (0K)

[error occurred during error reporting (printing heap information), id 0xc0000005, EXCEPTION_ACCESS_VIOLATION (0xc0000005) at pc=0x00007ffa32216649]

GC Heap History (0 events):
No events

Dll operation events (1 events):
Event: 0.038 Loaded shared library C:\Program Files\Java\jdk-19\bin\java.dll

Deoptimization events (0 events):
No events

Classes loaded (0 events):
No events

Classes unloaded (0 events):
No events

Classes redefined (0 events):
No events

Internal exceptions (0 events):
No events

VM Operations (0 events):
No events

Events (0 events):
No events


Dynamic libraries:
0x00007ff7b65d0000 - 0x00007ff7b65e0000 	C:\Program Files\Java\jdk-19\bin\java.exe
0x00007ffaa0b10000 - 0x00007ffaa0d08000 	C:\WINDOWS\SYSTEM32\ntdll.dll
0x00007ffa9f350000 - 0x00007ffa9f40f000 	C:\WINDOWS\System32\KERNEL32.DLL
0x00007ffa9e7b0000 - 0x00007ffa9ea82000 	C:\WINDOWS\System32\KERNELBASE.dll
0x00007ffa9e410000 - 0x00007ffa9e510000 	C:\WINDOWS\System32\ucrtbase.dll
0x00007ffa76730000 - 0x00007ffa76748000 	C:\Program Files\Java\jdk-19\bin\jli.dll
0x00007ffa9ed00000 - 0x00007ffa9edae000 	C:\WINDOWS\System32\ADVAPI32.dll
0x00007ffaa01c0000 - 0x00007ffaa025e000 	C:\WINDOWS\System32\msvcrt.dll
0x00007ffa9f530000 - 0x00007ffa9f5cc000 	C:\WINDOWS\System32\sechost.dll
0x00007ffa9f730000 - 0x00007ffa9f855000 	C:\WINDOWS\System32\RPCRT4.dll
0x00007ffa9eb50000 - 0x00007ffa9ecf1000 	C:\WINDOWS\System32\USER32.dll
0x00007ffa9e3b0000 - 0x00007ffa9e3d2000 	C:\WINDOWS\System32\win32u.dll
0x00007ffa9fc90000 - 0x00007ffa9fcbb000 	C:\WINDOWS\System32\GDI32.dll
0x00007ffa9e200000 - 0x00007ffa9e30f000 	C:\WINDOWS\System32\gdi32full.dll
0x00007ffa9e310000 - 0x00007ffa9e3ad000 	C:\WINDOWS\System32\msvcp_win.dll
0x00007ffa76660000 - 0x00007ffa7667b000 	C:\Program Files\Java\jdk-19\bin\VCRUNTIME140.dll
0x00007ffa86de0000 - 0x00007ffa8707a000 	C:\WINDOWS\WinSxS\amd64_microsoft.windows.common-controls_6595b64144ccf1df_6.0.19041.1110_none_60b5254171f9507e\COMCTL32.dll
0x00007ffa92650000 - 0x00007ffa9265a000 	C:\WINDOWS\SYSTEM32\VERSION.dll
0x00007ffaa0260000 - 0x00007ffaa0292000 	C:\WINDOWS\System32\IMM32.DLL
0x00007ffa96000000 - 0x00007ffa9600c000 	C:\Program Files\Java\jdk-19\bin\vcruntime140_1.dll
0x00007ffa64fd0000 - 0x00007ffa6505e000 	C:\Program Files\Java\jdk-19\bin\msvcp140.dll
0x00007ffa31ad0000 - 0x00007ffa32790000 	C:\Program Files\Java\jdk-19\bin\server\jvm.dll
0x00007ffa99c60000 - 0x00007ffa99c69000 	C:\WINDOWS\SYSTEM32\WSOCK32.dll
0x00007ffa9f860000 - 0x00007ffa9f8cb000 	C:\WINDOWS\System32\WS2_32.dll
0x00007ffa923f0000 - 0x00007ffa92417000 	C:\WINDOWS\SYSTEM32\WINMM.dll
0x00007ffa9c0c0000 - 0x00007ffa9c0d2000 	C:\WINDOWS\SYSTEM32\kernel.appcore.dll
0x00007ffa87940000 - 0x00007ffa8794a000 	C:\Program Files\Java\jdk-19\bin\jimage.dll
0x00007ffa8db30000 - 0x00007ffa8dd14000 	C:\WINDOWS\SYSTEM32\DBGHELP.DLL
0x00007ffa8dab0000 - 0x00007ffa8dae5000 	C:\WINDOWS\SYSTEM32\dbgcore.DLL
0x00007ffa9e5c0000 - 0x00007ffa9e642000 	C:\WINDOWS\System32\bcryptPrimitives.dll
0x00007ffa651c0000 - 0x00007ffa651e6000 	C:\Program Files\Java\jdk-19\bin\java.dll

dbghelp: loaded successfully - version: 4.0.5 - missing functions: none
symbol engine: initialized successfully - sym options: 0x614 - pdb path: .;C:\Program Files\Java\jdk-19\bin;C:\WINDOWS\SYSTEM32;C:\WINDOWS\WinSxS\amd64_microsoft.windows.common-controls_6595b64144ccf1df_6.0.19041.1110_none_60b5254171f9507e;C:\Program Files\Java\jdk-19\bin\server

VM Arguments:
jvm_args: -XX:+ShowCodeDetailsInExceptionMessages 
java_command: lesson4.Program
java_class_path (initial): C:\Users\PALLADIN\AppData\Roaming\Code\User\workspaceStorage\72183c4f5f2428dee363a9be3d05423e\redhat.java\jdt_ws\DZ_Sem4_99661eb2\bin
Launcher Type: SUN_STANDARD

[Global flags]
     intx CICompilerCount                          = 3                                         {product} {ergonomic}
     uint ConcGCThreads                            = 1                                         {product} {ergonomic}
     uint G1ConcRefinementThreads                  = 4                                         {product} {ergonomic}
   size_t G1HeapRegionSize                         = 1048576                                   {product} {ergonomic}
    uintx GCDrainStackTargetSize                   = 64                                        {product} {ergonomic}
   size_t InitialHeapSize                          = 132120576                                 {product} {ergonomic}
   size_t MarkStackSize                            = 4194304                                   {product} {ergonomic}
   size_t MaxHeapSize                              = 2103443456                                {product} {ergonomic}
   size_t MinHeapDeltaBytes                        = 1048576                                   {product} {ergonomic}
   size_t MinHeapSize                              = 8388608                                   {product} {ergonomic}
    uintx NonNMethodCodeHeapSize                   = 5832780                                {pd product} {ergonomic}
    uintx NonProfiledCodeHeapSize                  = 122912730                              {pd product} {ergonomic}
    uintx ProfiledCodeHeapSize                     = 122912730                              {pd product} {ergonomic}
    uintx ReservedCodeCacheSize                    = 251658240                              {pd product} {ergonomic}
     bool SegmentedCodeCache                       = true                                      {product} {ergonomic}
     bool ShowCodeDetailsInExceptionMessages       = true                                   {manageable} {command line}
   size_t SoftMaxHeapSize                          = 2103443456                             {manageable} {ergonomic}
     bool UseCompressedClassPointers               = true                           {product lp64_product} {ergonomic}
     bool UseCompressedOops                        = true                           {product lp64_product} {ergonomic}
     bool UseG1GC                                  = true                                      {product} {ergonomic}
     bool UseLargePagesIndividualAllocation        = false                                  {pd product} {ergonomic}

Logging:
Log output configuration:
 #0: stdout all=warning uptime,level,tags foldmultilines=false
 #1: stderr all=off uptime,level,tags foldmultilines=false

Environment Variables:
JAVA_HOME=C:\Program Files\Java\jdk-19
PATH=C:\Program Files\PowerShell\7;C:\Program Files\Common Files\Oracle\Java\javapath;C:\WINDOWS\system32;C:\WINDOWS;C:\WINDOWS\System32\Wbem;C:\WINDOWS\System32\WindowsPowerShell\v1.0\;C:\WINDOWS\System32\OpenSSH\;C:\Program Files (x86)\ATI Technologies\ATI.ACE\Core-Static;C:\Program Files\7-Zip;C:\Program Files (x86)\Common Files\Acronis\SnapAPI\;C:\Program Files\dotnet\;C:\Program Files (x86)\dotnet\;C:\Program Files\PowerShell\7\;C:\Program Files\Git\cmd;C:\Program Files\Java\jdk-19\bin;C:\Program Files\Microsoft SQL Server\150\Tools\Binn\;C:\Program Files\Microsoft SQL Server\Client SDK\ODBC\170\Tools\Binn\;C:\Program Files\MySQL\MySQL Shell 8.0\bin\;C:\Users\PALLADIN\AppData\Local\Programs\Python\Python311\Scripts\;C:\Users\PALLADIN\AppData\Local\Programs\Python\Python311\;C:\Users\PALLADIN\AppData\Local\Microsoft\WindowsApps;;C:\Users\PALLADIN\AppData\Local\Programs\Microsoft VS Code\bin;C:\Users\PALLADIN\.dotnet\tools;C:\Program Files\JetBrains\PyCharm Community Edition 2022.2.3\bin;;C:\Program Files\JetBrains\IntelliJ IDEA Community Edition 2022.3.3\bin;
USERNAME=PALLADIN
LANG=en_US.UTF-8
OS=Windows_NT
PROCESSOR_IDENTIFIER=Intel64 Family 6 Model 76 Stepping 4, GenuineIntel
TMP=C:\Users\PALLADIN\AppData\Local\Temp
TEMP=C:\Users\PALLADIN\AppData\Local\Temp



---------------  S Y S T E M  ---------------

OS:
 Windows 10 , 64 bit Build 19041 (10.0.19041.2364)
OS uptime: 0 days 17:36 hours

CPU: total 4 (initial active 4) (4 cores per cpu, 1 threads per core) family 6 model 76 stepping 4 microcode 0x411, cx8, cmov, fxsr, mmx, 3dnowpref, sse, sse2, sse3, ssse3, sse4.1, sse4.2, popcnt, tsc, tscinvbit, aes, erms, clmul, clflush, rdtscp

Memory: 4k page, system-wide physical 8017M (998M free)
TotalPageFile size 8017M (AvailPageFile size 190M)
current process WorkingSet (physical memory assigned to process): 10M, peak: 10M
current process commit charge ("private bytes"): 52M, peak: 177M

vm_info: Java HotSpot(TM) 64-Bit Server VM (19.0.2+7-44) for windows-amd64 JRE (19.0.2+7-44), built on 2022-11-30T18:02:09Z by "mach5one" with MS VC++ 17.1 (VS2022)

END.
